Using pre-set license

 COMMAND LINE ARGUMENTS:
/Applications/Unity/Hub/Editor/2020.2.6f1/Unity.app/Contents/MacOS/Unity
-adb2
-batchMode
-noUpm
-name
AssetImportWorker0
-projectPath
/Users/aunnsteinsson/Documents/HR_6/AGDD-advanced_game_design_and_development/TeamTractorFinalGame
-logFile
Logs/AssetImportWorker0.log
-srvPort
56138
Successfully changed project path to: /Users/aunnsteinsson/Documents/HR_6/AGDD-advanced_game_design_and_development/TeamTractorFinalGame
/Users/aunnsteinsson/Documents/HR_6/AGDD-advanced_game_design_and_development/TeamTractorFinalGame
Using Asset Import Pipeline V2.
Refreshing native plugins compatible for Editor in 35.64 ms, found 2 plugins.
Preloading 0 native plugins for Editor in 0.00 ms.
Initialize engine version: 2020.2.6f1 (8a2143876886)
[Subsystems] Discovering subsystems at path /Applications/Unity/Hub/Editor/2020.2.6f1/Unity.app/Contents/Resources/UnitySubsystems
[Subsystems] Discovering subsystems at path /Users/aunnsteinsson/Documents/HR_6/AGDD-advanced_game_design_and_development/TeamTractorFinalGame/Assets
GfxDevice: creating device client; threaded=0
2021-03-03 13:49:49.138 Unity[10822:413786] Color LCD preferred device: AMD Radeon Pro 5300M (high power)
2021-03-03 13:49:49.138 Unity[10822:413786] Metal devices available: 2
2021-03-03 13:49:49.138 Unity[10822:413786] 0: AMD Radeon Pro 5300M (high power)
2021-03-03 13:49:49.138 Unity[10822:413786] 1: Intel(R) UHD Graphics 630 (low power)
2021-03-03 13:49:49.138 Unity[10822:413786] Using device AMD Radeon Pro 5300M (high power)
Initializing Metal device caps: AMD Radeon Pro 5300M
Initialize mono
Mono path[0] = '/Applications/Unity/Hub/Editor/2020.2.6f1/Unity.app/Contents/Managed'
Mono path[1] = '/Applications/Unity/Hub/Editor/2020.2.6f1/Unity.app/Contents/MonoBleedingEdge/lib/mono/unityjit'
Mono config path = '/Applications/Unity/Hub/Editor/2020.2.6f1/Unity.app/Contents/MonoBleedingEdge/etc'
Using monoOptions --debugger-agent=transport=dt_socket,embedding=1,server=y,suspend=n,address=127.0.0.1:56822
Begin MonoManager ReloadAssembly
Registering precompiled unity dll's ...
Register platform support module: /Applications/Unity/Hub/Editor/2020.2.6f1/PlaybackEngines/WebGLSupport/UnityEditor.WebGL.Extensions.dll
Register platform support module: /Applications/Unity/Hub/Editor/2020.2.6f1/Unity.app/Contents/PlaybackEngines/MacStandaloneSupport/UnityEditor.OSXStandalone.Extensions.dll
Registered in 0.000612 seconds.
Native extension for OSXStandalone target not found
Native extension for WebGL target not found
Refreshing native plugins compatible for Editor in 31.72 ms, found 2 plugins.
Preloading 0 native plugins for Editor in 0.00 ms.
Invoked RoslynAnalysisRunner static constructor.
RoslynAnalysisRunner will not be running.
RoslynAnalysisRunner has terminated.
Mono: successfully reloaded assembly
- Completed reload, in  1.764 seconds
Platform modules already initialized, skipping
Registering precompiled user dll's ...
Registered in 0.000472 seconds.
Begin MonoManager ReloadAssembly
Native extension for OSXStandalone target not found
Native extension for WebGL target not found
Refreshing native plugins compatible for Editor in 30.32 ms, found 2 plugins.
Preloading 0 native plugins for Editor in 0.00 ms.
Invoked RoslynAnalysisRunner static constructor.
RoslynAnalysisRunner will not be running.
RoslynAnalysisRunner has terminated.
Mono: successfully reloaded assembly
- Completed reload, in  0.923 seconds
Platform modules already initialized, skipping
========================================================================
Worker process is ready to serve import requests
Launching external process: /Applications/Unity/Hub/Editor/2020.2.6f1/Unity.app/Contents/Tools/UnityShaderCompiler
Launched and connected shader compiler UnityShaderCompiler after 0.01 seconds
Refreshing native plugins compatible for Editor in 0.31 ms, found 2 plugins.
Preloading 0 native plugins for Editor in 0.00 ms.
Unloading 1796 Unused Serialized files (Serialized files now loaded: 0)
System memory in use before: 145.1 MB.
System memory in use after: 145.2 MB.

Unloading 19 unused Assets to reduce memory usage. Loaded Objects now: 2242.
Total: 2.319130 ms (FindLiveObjects: 0.253488 ms CreateObjectMapping: 0.112645 ms MarkObjects: 1.822757 ms  DeleteObjects: 0.129020 ms)

========================================================================
Received Import Request.
  path: Assets/Scenes
  artifactKey: Guid(47754d0dc7697425996d2b7145c43d67) Importer(815301076,1909f56bfc062723c751e8b465ee728b)
Start importing Assets/Scenes using Guid(47754d0dc7697425996d2b7145c43d67) Importer(815301076,1909f56bfc062723c751e8b465ee728b)  -> (artifact id: '03dafcb842c311efd48b4ff93177fcf4') in 0.004327 seconds
  Import took 0.007553 seconds .

========================================================================
Received Import Request.
  Time since last request: 15.802546 seconds.
  path: Assets/D-Testing.unity
  artifactKey: Guid(1e03f072805b34a2db94ec77012af9c6) Importer(815301076,1909f56bfc062723c751e8b465ee728b)
Start importing Assets/D-Testing.unity using Guid(1e03f072805b34a2db94ec77012af9c6) Importer(815301076,1909f56bfc062723c751e8b465ee728b)  -> (artifact id: '45fe7224161feb30e257d6ada5e5b372') in 0.010288 seconds
  Import took 0.013262 seconds .

========================================================================
Received Import Request.
  Time since last request: 12.863232 seconds.
  path: Assets/DTesting.unity
  artifactKey: Guid(1e03f072805b34a2db94ec77012af9c6) Importer(815301076,1909f56bfc062723c751e8b465ee728b)
Start importing Assets/DTesting.unity using Guid(1e03f072805b34a2db94ec77012af9c6) Importer(815301076,1909f56bfc062723c751e8b465ee728b)  -> (artifact id: 'fa78beb4113f3d88087a2425c8cdb835') in 0.001403 seconds
  Import took 0.004624 seconds .

========================================================================
Received Import Request.
  Time since last request: 8.315226 seconds.
  path: Assets/ATesting.unity
  artifactKey: Guid(18e6b45796aef40109fba6c598ea93a2) Importer(815301076,1909f56bfc062723c751e8b465ee728b)
Start importing Assets/ATesting.unity using Guid(18e6b45796aef40109fba6c598ea93a2) Importer(815301076,1909f56bfc062723c751e8b465ee728b)  -> (artifact id: 'ccfe220176fcdde6af2010f81931260f') in 0.002567 seconds
  Import took 0.005588 seconds .

========================================================================
Received Import Request.
  Time since last request: 6.547509 seconds.
  path: Assets/JTesting.unity
  artifactKey: Guid(12d9654b4700946719e66aa7c7be01cc) Importer(815301076,1909f56bfc062723c751e8b465ee728b)
Start importing Assets/JTesting.unity using Guid(12d9654b4700946719e66aa7c7be01cc) Importer(815301076,1909f56bfc062723c751e8b465ee728b)  -> (artifact id: '95dc44d4915385ba2ee2966ff67cf1e1') in 0.002347 seconds
  Import took 0.005125 seconds .

========================================================================
Received Import Request.
  Time since last request: 0.002225 seconds.
  path: Assets/JTesting.unity
  artifactKey: Guid(12d9654b4700946719e66aa7c7be01cc) Importer(815301076,1909f56bfc062723c751e8b465ee728b)
Start importing Assets/JTesting.unity using Guid(12d9654b4700946719e66aa7c7be01cc) Importer(815301076,1909f56bfc062723c751e8b465ee728b)  -> (artifact id: '95dc44d4915385ba2ee2966ff67cf1e1') in 0.002275 seconds
  Import took 0.005131 seconds .

========================================================================
Received Import Request.
  Time since last request: 7.996762 seconds.
  path: Assets/KTesting.unity
  artifactKey: Guid(4d8d7a4cea6d140b88f447f477dc160f) Importer(815301076,1909f56bfc062723c751e8b465ee728b)
Start importing Assets/KTesting.unity using Guid(4d8d7a4cea6d140b88f447f477dc160f) Importer(815301076,1909f56bfc062723c751e8b465ee728b)  -> (artifact id: '091655447bf56e26bc7dce89da2f058e') in 0.002358 seconds
  Import took 0.005374 seconds .

========================================================================
Received Import Request.
  Time since last request: 7.328591 seconds.
  path: Assets/Scenes/SampleScene.unity
  artifactKey: Guid(2cda990e2423bbf4892e6590ba056729) Importer(815301076,1909f56bfc062723c751e8b465ee728b)
Start importing Assets/Scenes/SampleScene.unity using Guid(2cda990e2423bbf4892e6590ba056729) Importer(815301076,1909f56bfc062723c751e8b465ee728b)  -> (artifact id: '6cecf62dd12b16d647b670a6b352fe2e') in 0.001412 seconds
  Import took 0.004437 seconds .

